Build started 22/12/2015 16:15:33.
     1>Project "C:\Users\User\Desktop\School stuffs\SEM 2\Computer Graphics\Lab\COMG-STUFFS.git\Funky\Comg\COMGNEW\COMGNEW.vcxproj" on node 2 (Build target(s)).
     1>ClCompile:
         C:\Program Files (x86)\Microsoft Visual Studio 12.0\VC\bin\CL.exe /c /I"C:\Users\User\Desktop\School stuffs\SEM 2\Computer Graphics\Lab\COMG-STUFFS.git\Funky\Comg\\glew\include" /I"C:\Users\User\Desktop\School stuffs\SEM 2\Computer Graphics\Lab\COMG-STUFFS.git\Funky\Comg\\glfw\include" /I"C:\Users\User\Desktop\School stuffs\SEM 2\Computer Graphics\Lab\COMG-STUFFS.git\Funky\Comg\\Common\Source" /ZI /nologo /W3 /WX- /sdl /Od /Oy- /D WIN32 /D _DEBUG /D _CONSOLE /D _LIB /D _UNICODE /D UNICODE /Gm /EHsc /RTC1 /MDd /GS /fp:precise /Zc:wchar_t /Zc:forScope /Fo"Debug\\" /Fd"Debug\vc120.pdb" /Gd /TP /analyze- /errorReport:prompt Source\Assignment2.cpp
         Assignment2.cpp
     1>c:\users\user\desktop\school stuffs\sem 2\computer graphics\lab\comg-stuffs.git\funky\comg\comgnew\source\assignment2.cpp(439): warning C4244: '+=' : conversion from 'double' to 'float', possible loss of data
     1>c:\users\user\desktop\school stuffs\sem 2\computer graphics\lab\comg-stuffs.git\funky\comg\comgnew\source\assignment2.cpp(440): warning C4244: '+=' : conversion from 'double' to 'float', possible loss of data
       Link:
         C:\Program Files (x86)\Microsoft Visual Studio 12.0\VC\bin\link.exe /ERRORREPORT:PROMPT /OUT:"C:\Users\User\Desktop\School stuffs\SEM 2\Computer Graphics\Lab\COMG-STUFFS.git\Funky\Comg\Debug\COMGNEW.exe" /INCREMENTAL /NOLOGO /LIBPATH:"C:\Users\User\Desktop\School stuffs\SEM 2\Computer Graphics\Lab\COMG-STUFFS.git\Funky\Comg\\glew\lib" /LIBPATH:"C:\Users\User\Desktop\School stuffs\SEM 2\Computer Graphics\Lab\COMG-STUFFS.git\Funky\Comg\\glfw\lib-msvc120" /LIBPATH:"C:\Users\User\Desktop\School stuffs\SEM 2\Computer Graphics\Lab\COMG-STUFFS.git\Funky\Comg\Debug" glew32.lib glfw3.lib opengl32.lib winmm.lib Common.lib kernel32.lib user32.lib gdi32.lib winspool.lib comdlg32.lib advapi32.lib shell32.lib ole32.lib oleaut32.lib uuid.lib odbc32.lib odbccp32.lib /MANIFEST /MANIFESTUAC:"level='asInvoker' uiAccess='false'" /manifest:embed /DEBUG /PDB:"C:\Users\User\Desktop\School stuffs\SEM 2\Computer Graphics\Lab\COMG-STUFFS.git\Funky\Comg\Debug\COMGNEW.pdb" /SUBSYSTEM:CONSOLE /TLBID:1 /DYNAMICBASE /NXCOMPAT /IMPLIB:"C:\Users\User\Desktop\School stuffs\SEM 2\Computer Graphics\Lab\COMG-STUFFS.git\Funky\Comg\Debug\COMGNEW.lib" /MACHINE:X86 Debug\Application.obj
         Debug\Assignment1.obj
         Debug\Assignment2.obj
         Debug\Camera.obj
         Debug\Camera2.obj
         Debug\main.obj
         Debug\Mesh.obj
         Debug\MeshBuilder.obj
         Debug\Scene1.obj
         Debug\Scene2.obj
         Debug\Scene3.obj
         Debug\Scene4.obj
         Debug\SceneLight.obj
         Debug\Scenelight2.obj
         Debug\shader.obj
         Debug\Utility.obj
         COMGNEW.vcxproj -> C:\Users\User\Desktop\School stuffs\SEM 2\Computer Graphics\Lab\COMG-STUFFS.git\Funky\Comg\Debug\COMGNEW.exe
     1>Done Building Project "C:\Users\User\Desktop\School stuffs\SEM 2\Computer Graphics\Lab\COMG-STUFFS.git\Funky\Comg\COMGNEW\COMGNEW.vcxproj" (Build target(s)).

Build succeeded.

Time Elapsed 00:00:02.18
