c:\users\user\desktop\school stuffs\sem 2\computer graphics\lab\comg-stuffs.git\funky\comg\comgnew\debug\vc120.pdb
c:\users\user\desktop\school stuffs\sem 2\computer graphics\lab\comg-stuffs.git\funky\comg\comgnew\debug\vc120.idb
c:\users\user\desktop\school stuffs\sem 2\computer graphics\lab\comg-stuffs.git\funky\comg\comgnew\debug\application.obj
c:\users\user\desktop\school stuffs\sem 2\computer graphics\lab\comg-stuffs.git\funky\comg\comgnew\debug\assignment1.obj
c:\users\user\desktop\school stuffs\sem 2\computer graphics\lab\comg-stuffs.git\funky\comg\comgnew\debug\assignment2.obj
c:\users\user\desktop\school stuffs\sem 2\computer graphics\lab\comg-stuffs.git\funky\comg\comgnew\debug\camera.obj
c:\users\user\desktop\school stuffs\sem 2\computer graphics\lab\comg-stuffs.git\funky\comg\comgnew\debug\camera2.obj
c:\users\user\desktop\school stuffs\sem 2\computer graphics\lab\comg-stuffs.git\funky\comg\comgnew\debug\main.obj
c:\users\user\desktop\school stuffs\sem 2\computer graphics\lab\comg-stuffs.git\funky\comg\comgnew\debug\mesh.obj
c:\users\user\desktop\school stuffs\sem 2\computer graphics\lab\comg-stuffs.git\funky\comg\comgnew\debug\meshbuilder.obj
c:\users\user\desktop\school stuffs\sem 2\computer graphics\lab\comg-stuffs.git\funky\comg\comgnew\debug\scene1.obj
c:\users\user\desktop\school stuffs\sem 2\computer graphics\lab\comg-stuffs.git\funky\comg\comgnew\debug\scene2.obj
c:\users\user\desktop\school stuffs\sem 2\computer graphics\lab\comg-stuffs.git\funky\comg\comgnew\debug\scene3.obj
c:\users\user\desktop\school stuffs\sem 2\computer graphics\lab\comg-stuffs.git\funky\comg\comgnew\debug\scene4.obj
c:\users\user\desktop\school stuffs\sem 2\computer graphics\lab\comg-stuffs.git\funky\comg\comgnew\debug\scenelight.obj
c:\users\user\desktop\school stuffs\sem 2\computer graphics\lab\comg-stuffs.git\funky\comg\comgnew\debug\scenelight2.obj
c:\users\user\desktop\school stuffs\sem 2\computer graphics\lab\comg-stuffs.git\funky\comg\comgnew\debug\shader.obj
c:\users\user\desktop\school stuffs\sem 2\computer graphics\lab\comg-stuffs.git\funky\comg\comgnew\debug\utility.obj
c:\users\user\desktop\school stuffs\sem 2\computer graphics\lab\comg-stuffs.git\funky\comg\debug\comgnew.ilk
c:\users\user\desktop\school stuffs\sem 2\computer graphics\lab\comg-stuffs.git\funky\comg\debug\comgnew.exe
c:\users\user\desktop\school stuffs\sem 2\computer graphics\lab\comg-stuffs.git\funky\comg\debug\comgnew.pdb
c:\users\user\desktop\school stuffs\sem 2\computer graphics\lab\comg-stuffs.git\funky\comg\comgnew\debug\comgnew.tlog\cl.command.1.tlog
c:\users\user\desktop\school stuffs\sem 2\computer graphics\lab\comg-stuffs.git\funky\comg\comgnew\debug\comgnew.tlog\cl.read.1.tlog
c:\users\user\desktop\school stuffs\sem 2\computer graphics\lab\comg-stuffs.git\funky\comg\comgnew\debug\comgnew.tlog\cl.write.1.tlog
c:\users\user\desktop\school stuffs\sem 2\computer graphics\lab\comg-stuffs.git\funky\comg\comgnew\debug\comgnew.tlog\link.command.1.tlog
c:\users\user\desktop\school stuffs\sem 2\computer graphics\lab\comg-stuffs.git\funky\comg\comgnew\debug\comgnew.tlog\link.read.1.tlog
c:\users\user\desktop\school stuffs\sem 2\computer graphics\lab\comg-stuffs.git\funky\comg\comgnew\debug\comgnew.tlog\link.write.1.tlog
